Using pre-set license
Built from '2020.3/staging' branch; Version is '2020.3.20f1 (41c4e627c95f) revision 4310246'; Using compiler version '192528614'; Build Type 'Release'
OS: 'Windows 10 Home; OS build 19043.1466; Version 2009; 64bit' Language: 'ko' Physical Memory: 16251 MB
BatchMode: 1, IsHumanControllingUs: 0, StartBugReporterOnCrash: 0, Is64bit: 1, IsPro: 0

COMMAND LINE ARGUMENTS:
C:\Program Files\Unity\Hub\Editor\2020.3.20f1\Editor\Unity.exe
-adb2
-batchMode
-noUpm
-name
AssetImportWorker0
-projectPath
C:/Users/june0/OneDrive/사진/문서/GitHub/top-down-RPG/TopDungeon
-logFile
Logs/AssetImportWorker0.log
-srvPort
56417
Successfully changed project path to: C:/Users/june0/OneDrive/사진/문서/GitHub/top-down-RPG/TopDungeon
C:/Users/june0/OneDrive/사진/문서/GitHub/top-down-RPG/TopDungeon
Using Asset Import Pipeline V2.
Refreshing native plugins compatible for Editor in 38.50 ms, found 3 plugins.
Preloading 0 native plugins for Editor in 0.00 ms.
Initialize engine version: 2020.3.20f1 (41c4e627c95f)
[Subsystems] Discovering subsystems at path C:/Program Files/Unity/Hub/Editor/2020.3.20f1/Editor/Data/Resources/UnitySubsystems
[Subsystems] Discovering subsystems at path C:/Users/june0/OneDrive/사진/문서/GitHub/top-down-RPG/TopDungeon/Assets
GfxDevice: creating device client; threaded=0
Direct3D:
    Version:  Direct3D 11.0 [level 11.1]
    Renderer: NVIDIA GeForce RTX 3060 Ti (ID=0x2489)
    Vendor:   
    VRAM:     8050 MB
    Driver:   30.0.15.1123
Initialize mono
Mono path[0] = 'C:/Program Files/Unity/Hub/Editor/2020.3.20f1/Editor/Data/Managed'
Mono path[1] = 'C:/Program Files/Unity/Hub/Editor/2020.3.20f1/Editor/Data/MonoBleedingEdge/lib/mono/unityjit'
Mono config path = 'C:/Program Files/Unity/Hub/Editor/2020.3.20f1/Editor/Data/MonoBleedingEdge/etc'
Using monoOptions --debugger-agent=transport=dt_socket,embedding=1,server=y,suspend=n,address=127.0.0.1:56344
Begin MonoManager ReloadAssembly
Registering precompiled unity dll's ...
Register platform support module: C:/Program Files/Unity/Hub/Editor/2020.3.20f1/Editor/Data/PlaybackEngines/WindowsStandaloneSupport/UnityEditor.WindowsStandalone.Extensions.dll
Registered in 0.001726 seconds.
Native extension for WindowsStandalone target not found
Refreshing native plugins compatible for Editor in 36.63 ms, found 3 plugins.
Preloading 0 native plugins for Editor in 0.00 ms.
Mono: successfully reloaded assembly
- Completed reload, in  0.907 seconds
Domain Reload Profiling:
	ReloadAssembly (907ms)
		BeginReloadAssembly (45ms)
			ExecutionOrderSort (0ms)
			DisableScriptedObjects (0ms)
			BackupInstance (0ms)
			ReleaseScriptingObjects (0ms)
			CreateAndSetChildDomain (1ms)
		EndReloadAssembly (361ms)
			LoadAssemblies (43ms)
			RebuildTransferFunctionScriptingTraits (0ms)
			SetupTypeCache (130ms)
			ReleaseScriptCaches (0ms)
			RebuildScriptCaches (26ms)
			SetupLoadedEditorAssemblies (145ms)
				LogAssemblyErrors (0ms)
				InitializePlatformSupportModulesInManaged (3ms)
				SetLoadedEditorAssemblies (0ms)
				RefreshPlugins (37ms)
				BeforeProcessingInitializeOnLoad (14ms)
				ProcessInitializeOnLoadAttributes (65ms)
				ProcessInitializeOnLoadMethodAttributes (26ms)
				AfterProcessingInitializeOnLoad (0ms)
				EditorAssembliesLoaded (0ms)
			ExecutionOrderSort2 (0ms)
			AwakeInstancesAfterBackupRestoration (0ms)
Platform modules already initialized, skipping
Registering precompiled user dll's ...
Registered in 0.002692 seconds.
Begin MonoManager ReloadAssembly
Native extension for WindowsStandalone target not found
Refreshing native plugins compatible for Editor in 37.74 ms, found 3 plugins.
Preloading 0 native plugins for Editor in 0.00 ms.
Mono: successfully reloaded assembly
- Completed reload, in  1.006 seconds
Domain Reload Profiling:
	ReloadAssembly (1007ms)
		BeginReloadAssembly (127ms)
			ExecutionOrderSort (0ms)
			DisableScriptedObjects (4ms)
			BackupInstance (0ms)
			ReleaseScriptingObjects (0ms)
			CreateAndSetChildDomain (15ms)
		EndReloadAssembly (818ms)
			LoadAssemblies (84ms)
			RebuildTransferFunctionScriptingTraits (0ms)
			SetupTypeCache (277ms)
			ReleaseScriptCaches (0ms)
			RebuildScriptCaches (42ms)
			SetupLoadedEditorAssemblies (301ms)
				LogAssemblyErrors (0ms)
				InitializePlatformSupportModulesInManaged (3ms)
				SetLoadedEditorAssemblies (0ms)
				RefreshPlugins (38ms)
				BeforeProcessingInitializeOnLoad (71ms)
				ProcessInitializeOnLoadAttributes (172ms)
				ProcessInitializeOnLoadMethodAttributes (11ms)
				AfterProcessingInitializeOnLoad (6ms)
				EditorAssembliesLoaded (0ms)
			ExecutionOrderSort2 (0ms)
			AwakeInstancesAfterBackupRestoration (6ms)
Platform modules already initialized, skipping
========================================================================
Worker process is ready to serve import requests
Launched and connected shader compiler UnityShaderCompiler.exe after 0.05 seconds
Refreshing native plugins compatible for Editor in 0.67 ms, found 3 plugins.
Preloading 0 native plugins for Editor in 0.00 ms.
Unloading 2093 Unused Serialized files (Serialized files now loaded: 0)
System memory in use before: 93.1 MB.
System memory in use after: 93.2 MB.

Unloading 26 unused Assets to reduce memory usage. Loaded Objects now: 2532.
Total: 3.113900 ms (FindLiveObjects: 0.276600 ms CreateObjectMapping: 0.168300 ms MarkObjects: 2.605800 ms  DeleteObjects: 0.062100 ms)

AssetImportParameters requested are different than current active one (requested -> active):
  custom:framework-win-MediaFoundation: 216162199b28c13a410421893ffa2e32 -> 
  custom:video-decoder-ogg-theora: a1e56fd34408186e4bbccfd4996cb3dc -> 
  custom:container-muxer-webm: aa71ff27fc2769a1b78a27578f13a17b -> 
  custom:container-demuxer-webm: 4f35f7cbe854078d1ac9338744f61a02 -> 
  custom:container-demuxer-ogg: 62fdf1f143b41e24485cea50d1cbac27 -> 
  custom:video-encoder-webm-vp8: eb34c28f22e8b96e1ab97ce403110664 -> 
  custom:video-decoder-webm-vp8: 9c59270c3fd7afecdb556c50c9e8de78 -> 
  custom:audio-decoder-ogg-vorbis: bf7c407c2cedff20999df2af8eb42d56 -> 
  custom:audio-encoder-webm-vorbis: bf7c407c2cedff20999df2af8eb42d56 -> 
========================================================================
Received Import Request.
  path: Assets
  artifactKey: Guid(00000000000000001000000000000000) Importer(815301076,1909f56bfc062723c751e8b465ee728b)
Start importing Assets using Guid(00000000000000001000000000000000) Importer(815301076,1909f56bfc062723c751e8b465ee728b)  -> (artifact id: '42d402b061de3733987d63b9cc3b64de') in 0.008479 seconds 
  Import took 0.011331 seconds .

========================================================================
Received Import Request.
  Time since last request: 43.677754 seconds.
  path: Assets/Scenes
  artifactKey: Guid(1cc2a544ce95aba41a3052d46c5ff85c) Importer(815301076,1909f56bfc062723c751e8b465ee728b)
Start importing Assets/Scenes using Guid(1cc2a544ce95aba41a3052d46c5ff85c) Importer(815301076,1909f56bfc062723c751e8b465ee728b)  -> (artifact id: '6f380010a1d3949c8ef88803049e4636') in 0.006315 seconds 
  Import took 0.009239 seconds .

========================================================================
Received Import Request.
  Time since last request: 36.936174 seconds.
  path: Assets/Artwork
  artifactKey: Guid(56ead878e2ee1cb4eb9cda21be9ba705) Importer(815301076,1909f56bfc062723c751e8b465ee728b)
Start importing Assets/Artwork using Guid(56ead878e2ee1cb4eb9cda21be9ba705) Importer(815301076,1909f56bfc062723c751e8b465ee728b)  -> (artifact id: '3c2534ab6991f21dbc2e064fe6dbfb94') in 0.005353 seconds 
  Import took 0.008989 seconds .

========================================================================
Received Import Request.
  Time since last request: 14.226559 seconds.
  path: Assets/Artwork/Animations
  artifactKey: Guid(8d572053c0080e84ba49fe493dadfc9b) Importer(815301076,1909f56bfc062723c751e8b465ee728b)
Start importing Assets/Artwork/Animations using Guid(8d572053c0080e84ba49fe493dadfc9b) Importer(815301076,1909f56bfc062723c751e8b465ee728b)  -> (artifact id: 'b5ebf0b957544a55e4d4bc45e0342ee9') in 0.006711 seconds 
  Import took 0.010026 seconds .

========================================================================
Received Import Request.
  Time since last request: 4.854055 seconds.
  path: Assets/Artwork/Levels
  artifactKey: Guid(91d36e130d3daa943b8648e3b14246b9) Importer(815301076,1909f56bfc062723c751e8b465ee728b)
Start importing Assets/Artwork/Levels using Guid(91d36e130d3daa943b8648e3b14246b9) Importer(815301076,1909f56bfc062723c751e8b465ee728b)  -> (artifact id: '0fa24d656407d657e62791fad661481a') in 0.005991 seconds 
  Import took 0.008788 seconds .

========================================================================
Received Import Request.
  Time since last request: 17.682800 seconds.
  path: Assets/Prefabs
  artifactKey: Guid(7899563f2cf0b05488efb9bbdc4a1372) Importer(815301076,1909f56bfc062723c751e8b465ee728b)
Start importing Assets/Prefabs using Guid(7899563f2cf0b05488efb9bbdc4a1372) Importer(815301076,1909f56bfc062723c751e8b465ee728b)  -> (artifact id: '6a67021b5ae81fec91b11f5c6a5819bc') in 0.006952 seconds 
  Import took 0.010319 seconds .

========================================================================
Received Import Request.
  Time since last request: 7.482242 seconds.
  path: Assets/Scripts
  artifactKey: Guid(a4e7a5b61fe5c0a4c920f1a8e59c98e2) Importer(815301076,1909f56bfc062723c751e8b465ee728b)
Start importing Assets/Scripts using Guid(a4e7a5b61fe5c0a4c920f1a8e59c98e2) Importer(815301076,1909f56bfc062723c751e8b465ee728b)  -> (artifact id: '375159d55f7a2c36ae1413eb5f70e6ce') in 0.006102 seconds 
  Import took 0.008965 seconds .

========================================================================
Received Import Request.
  Time since last request: 558.086342 seconds.
  path: Assets/0x72_16x16DungeonTileset.v4.png
  artifactKey: Guid(01fa1c80277f3a64cbbe68c2aadd6c99) Importer(815301076,1909f56bfc062723c751e8b465ee728b)
Start importing Assets/0x72_16x16DungeonTileset.v4.png using Guid(01fa1c80277f3a64cbbe68c2aadd6c99) Importer(815301076,1909f56bfc062723c751e8b465ee728b)  -> (artifact id: '963136faa1d819c69ff50a1eeb45f466') in 0.086289 seconds 
  Import took 0.090049 seconds .

========================================================================
Received Import Request.
  Time since last request: 21.531371 seconds.
  path: Assets/Atlas.png
  artifactKey: Guid(01fa1c80277f3a64cbbe68c2aadd6c99) Importer(815301076,1909f56bfc062723c751e8b465ee728b)
Start importing Assets/Atlas.png using Guid(01fa1c80277f3a64cbbe68c2aadd6c99) Importer(815301076,1909f56bfc062723c751e8b465ee728b)  -> (artifact id: '72fad97da2d98b8a0acc71588b212599') in 0.016022 seconds 
  Import took 0.018895 seconds .

AssetImportWorkerClient::OnTransportError - code=2 error=End of file
